<?xml version="1.0" encoding="utf-8"?><testsuites name="pytest tests"><testsuite name="pytest" errors="0" failures="0" skipped="0" tests="11" time="0.734" timestamp="2026-08-03T10:13:29.485619+00:00" hostname="agent-env-6c7b0950-802f-4310-bb1e-17b6c2c167e9"><testcase classname="backend.tests.test_initiatives" name="test_health" time="0.108" /><testcase classname="backend.tests.test_initiatives" name="test_create_initiative" time="0.038" /><testcase classname="backend.tests.test_initiatives" name="test_list_initiatives" time="0.033" /><testcase classname="backend.tests.test_initiatives" name="test_duplicate_active_name_returns_409" time="0.064" /><testcase classname="backend.tests.test_initiatives" name="test_patch_by_owner_updates_name_and_desc" time="0.031" /><testcase classname="backend.tests.test_initiatives" name="test_patch_wrong_requester_403" time="0.030" /><testcase classname="backend.tests.test_initiatives" name="test_status_shipped_sets_shippedAt_and_reopen_clears" time="0.061" /><testcase classname="backend.tests.test_initiatives" name="test_invalid_status_400" time="0.033" /><testcase classname="backend.tests.test_initiatives" name="test_owner_transfer" time="0.089" /><testcase classname="backend.tests.test_initiatives" name="test_duplicate_allowed_when_previous_archived" time="0.091" /><testcase classname="backend.tests.test_initiatives" name="test_patch_nonexistent_404" time="0.032" /></testsuite></testsuites>